2013.06.06 17:47 B C:\borrar\colorbox-master\example3\images\controls.png --> dandy.mx /assets/color3/images controls.png
2013.06.06 17:47 B C:\borrar\colorbox-master\example3\images\loading.gif --> dandy.mx /assets/color3/images loading.gif
2013.06.06 17:48 B C:\borrar\colorbox-master\example3\images\controls.png --> dandy.mx /images controls.png
2013.06.06 17:48 B C:\borrar\colorbox-master\example3\images\loading.gif --> dandy.mx /images loading.gif
2014.02.12 11:09 B C:\myDrive\Google Drive\proyectos\Dandy\sitioactual\images\WS_FTP.LOG <-- dandy.mx /images WS_FTP.LOG
2014.02.18 11:01 B C:\Users\redkey\Google Drive\Dandy\sitioactual\images\1_15.png --> dandy.mx /images 1_15.png
2014.02.18 11:01 B C:\Users\redkey\Google Drive\Dandy\sitioactual\images\1_15_r.png --> dandy.mx /images 1_15_r.png
2014.02.18 11:01 B C:\Users\redkey\Google Drive\Dandy\sitioactual\images\b_atras.jpg --> dandy.mx /images b_atras.jpg
2014.02.18 11:01 B C:\Users\redkey\Google Drive\Dandy\sitioactual\images\b_atras.png --> dandy.mx /images b_atras.png
2014.02.18 11:01 B C:\Users\redkey\Google Drive\Dandy\sitioactual\images\b_atras_r.png --> dandy.mx /images b_atras_r.png
2014.02.18 11:01 B C:\Users\redkey\Google Drive\Dandy\sitioactual\images\b_lista.jpg --> dandy.mx /images b_lista.jpg
2014.02.18 11:01 B C:\Users\redkey\Google Drive\Dandy\sitioactual\images\b_lista.png --> dandy.mx /images b_lista.png
2014.02.18 11:01 B C:\Users\redkey\Google Drive\Dandy\sitioactual\images\b_lista_r.png --> dandy.mx /images b_lista_r.png
2014.02.18 11:01 B C:\Users\redkey\Google Drive\Dandy\sitioactual\images\b_pagar.png --> dandy.mx /images b_pagar.png
2014.02.18 11:01 B C:\Users\redkey\Google Drive\Dandy\sitioactual\images\b_pagar_r.png --> dandy.mx /images b_pagar_r.png
2014.02.18 11:01 B C:\Users\redkey\Google Drive\Dandy\sitioactual\images\contenido_bkg.jpg --> dandy.mx /images contenido_bkg.jpg
2014.02.18 11:01 B C:\Users\redkey\Google Drive\Dandy\sitioactual\images\contenido_bkg_2.jpg --> dandy.mx /images contenido_bkg_2.jpg
2014.02.18 11:01 B C:\Users\redkey\Google Drive\Dandy\sitioactual\images\contenido_bkg_3.jpg --> dandy.mx /images contenido_bkg_3.jpg
2014.02.18 11:01 B C:\Users\redkey\Google Drive\Dandy\sitioactual\images\desktop.ini --> dandy.mx /images desktop.ini
2014.02.18 11:01 B C:\Users\redkey\Google Drive\Dandy\sitioactual\images\footer.jpg --> dandy.mx /images footer.jpg
2014.02.18 11:01 B C:\Users\redkey\Google Drive\Dandy\sitioactual\images\footer_bkg.jpg --> dandy.mx /images footer_bkg.jpg
2014.02.18 11:01 B C:\Users\redkey\Google Drive\Dandy\sitioactual\images\lineas_puntos.png --> dandy.mx /images lineas_puntos.png
2014.02.18 11:01 B C:\Users\redkey\Google Drive\Dandy\sitioactual\images\marco_abajo.jpg --> dandy.mx /images marco_abajo.jpg
2014.02.18 11:01 B C:\Users\redkey\Google Drive\Dandy\sitioactual\images\marco_arriba.jpg --> dandy.mx /images marco_arriba.jpg
2014.02.18 11:01 B C:\Users\redkey\Google Drive\Dandy\sitioactual\images\marco_der.jpg --> dandy.mx /images marco_der.jpg
2014.02.18 11:01 B C:\Users\redkey\Google Drive\Dandy\sitioactual\images\marco_izq.jpg --> dandy.mx /images marco_izq.jpg
2014.02.18 11:01 B C:\Users\redkey\Google Drive\Dandy\sitioactual\images\marco_periodo.jpg --> dandy.mx /images marco_periodo.jpg
2014.02.18 11:01 B C:\Users\redkey\Google Drive\Dandy\sitioactual\images\marco_poblacion.jpg --> dandy.mx /images marco_poblacion.jpg
2014.02.18 11:02 B C:\Users\redkey\Google Drive\Dandy\sitioactual\images\marco_saldos.jpg --> dandy.mx /images marco_saldos.jpg
2014.02.18 11:02 B C:\Users\redkey\Google Drive\Dandy\sitioactual\images\rango_marques.png --> dandy.mx /images rango_marques.png
2014.02.18 11:02 B C:\Users\redkey\Google Drive\Dandy\sitioactual\images\tit_datos.jpg --> dandy.mx /images tit_datos.jpg
2014.02.18 11:02 B C:\Users\redkey\Google Drive\Dandy\sitioactual\images\tit_oficina.jpg --> dandy.mx /images tit_oficina.jpg
2014.02.18 11:02 B C:\Users\redkey\Google Drive\Dandy\sitioactual\images\tit_rango.jpg --> dandy.mx /images tit_rango.jpg
2014.02.18 11:02 B C:\Users\redkey\Google Drive\Dandy\sitioactual\images\tit_red.jpg --> dandy.mx /images tit_red.jpg
