2013.05.29 18:54 B C:\myDrive\Google Drive\proyectos\Dandy\bajada\myadmin\coneccion.php --> dandy.mx /myadmin coneccion.php
2013.05.29 18:54 B C:\myDrive\Google Drive\proyectos\Dandy\bajada\myadmin\desktop.ini --> dandy.mx /myadmin desktop.ini
2013.05.29 18:54 B C:\myDrive\Google Drive\proyectos\Dandy\bajada\myadmin\index.php --> dandy.mx /myadmin index.php
2013.05.29 19:18 B C:\myDrive\Google Drive\proyectos\Dandy\bajada\myadmin\index.php --> dandy.mx /myadmin index.php
2013.05.29 19:19 B C:\myDrive\Google Drive\proyectos\Dandy\bajada\myadmin\adm_empresa_nueva.php --> dandy.mx /myadmin adm_empresa_nueva.php
2013.05.29 19:19 B C:\myDrive\Google Drive\proyectos\Dandy\bajada\myadmin\menuAdmin.php --> dandy.mx /myadmin menuAdmin.php
2013.05.29 19:19 B C:\myDrive\Google Drive\proyectos\Dandy\bajada\myadmin\index.php --> dandy.mx /myadmin index.php
2013.05.29 19:19 B C:\myDrive\Google Drive\proyectos\Dandy\bajada\myadmin\index.php --> dandy.mx /myadmin index.php
2013.05.29 19:19 B C:\myDrive\Google Drive\proyectos\Dandy\bajada\myadmin\index.php --> dandy.mx /myadmin index.php
2013.05.29 19:21 B C:\myDrive\Google Drive\proyectos\Dandy\bajada\myadmin\index.php --> dandy.mx /myadmin index.php
2013.05.29 19:25 B C:\myDrive\Google Drive\proyectos\Dandy\bajada\myadmin\menuAdmin.php --> dandy.mx /myadmin menuAdmin.php
2013.05.31 11:52 B C:\myDrive\Google Drive\proyectos\Dandy\bajada\myadmin\adm_empresas.php --> dandy.mx /myadmin adm_empresas.php
2013.05.31 11:52 B C:\myDrive\Google Drive\proyectos\Dandy\bajada\myadmin\adm_empresas.php --> dandy.mx /myadmin adm_empresas.php
2013.05.31 11:53 B C:\myDrive\Google Drive\proyectos\Dandy\bajada\myadmin\adm_empresas.php --> dandy.mx /myadmin adm_empresas.php
2013.05.31 12:22 B C:\myDrive\Google Drive\proyectos\Dandy\bajada\myadmin\adm_empresa_nueva.php --> dandy.mx /myadmin adm_empresa_nueva.php
2013.05.31 12:23 B C:\myDrive\Google Drive\proyectos\Dandy\bajada\myadmin\adm_empresa_nueva.php --> dandy.mx /myadmin adm_empresa_nueva.php
2013.05.31 12:23 B C:\myDrive\Google Drive\proyectos\Dandy\bajada\myadmin\adm_empresas.php --> dandy.mx /myadmin adm_empresas.php
2013.06.04 16:20 B C:\Users\Miguel L\Google Drive\proyectos\Dandy\bajada\myadmin\adm_empresa_cambia.php --> dandy.mx /public_html/myadmin adm_empresa_cambia.php
2013.06.04 16:21 B C:\Users\Miguel L\Google Drive\proyectos\Dandy\bajada\myadmin\adm_empresa_cambia.php --> dandy.mx /public_html/myadmin adm_empresa_cambia.php
2013.06.05 10:14 B C:\Users\Miguel L\Google Drive\proyectos\Dandy\bajada\myadmin\adm_empresa_cambia.php --> dandy.mx /public_html/myadmin adm_empresa_cambia.php
2013.06.05 10:21 B C:\Users\Miguel L\Google Drive\proyectos\Dandy\bajada\myadmin\adm_empresa_cambia.php --> dandy.mx /public_html/myadmin adm_empresa_cambia.php
2013.06.06 09:50 B C:\Users\Miguel L\Google Drive\proyectos\Dandy\bajada\myadmin\adm_empresa_cambia.php --> dandy.mx / adm_empresa_cambia.php
2013.06.06 09:50 B C:\Users\Miguel L\Google Drive\proyectos\Dandy\bajada\myadmin\adm_empresa_cambia.php --> dandy.mx /public_html/myadmin adm_empresa_cambia.php
2013.06.06 09:53 B C:\Users\Miguel L\Google Drive\proyectos\Dandy\bajada\myadmin\adm_empresa_cambia.php --> dandy.mx /public_html/myadmin adm_empresa_cambia.php
2013.06.06 09:53 B C:\Users\Miguel L\Google Drive\proyectos\Dandy\bajada\myadmin\adm_empresa_cambia.php --> dandy.mx /public_html/myadmin adm_empresa_cambia.php
2013.06.06 09:54 B C:\Users\Miguel L\Google Drive\proyectos\Dandy\bajada\myadmin\adm_empresa_cambia.php --> dandy.mx /public_html/myadmin adm_empresa_cambia.php
2013.06.06 09:55 B C:\Users\Miguel L\Google Drive\proyectos\Dandy\bajada\myadmin\adm_empresa_cambia.php --> dandy.mx /public_html/myadmin adm_empresa_cambia.php
2013.06.06 09:58 B C:\Users\Miguel L\Google Drive\proyectos\Dandy\bajada\myadmin\adm_empresa_cambia.php --> dandy.mx /public_html/myadmin adm_empresa_cambia.php
2013.06.10 15:31 B C:\myDrive\Google Drive\proyectos\Dandy\bajada\myadmin\empresa_cambia.php --> dandy.mx /myadmin empresa_cambia.php
2013.06.17 11:26 B C:\Users\Miguel L\Google Drive\proyectos\Dandy\bajada\myadmin\adm_empresa_cambia.php --> dandy.mx / adm_empresa_cambia.php
2013.06.17 11:26 B C:\Users\Miguel L\Google Drive\proyectos\Dandy\bajada\myadmin\adm_empresa_cambia.php --> dandy.mx /public_html/myadmin adm_empresa_cambia.php
2013.06.19 11:13 B C:\myDrive\Google Drive\proyectos\Dandy\bajada\myadmin\adm_empresas.php --> dandy.mx / adm_empresas.php
2013.06.19 11:13 B C:\myDrive\Google Drive\proyectos\Dandy\bajada\myadmin\menu_2.html --> dandy.mx / menu_2.html
2013.06.19 11:14 B C:\myDrive\Google Drive\proyectos\Dandy\bajada\myadmin\adm_empresas.php --> dandy.mx /myadmin adm_empresas.php
2013.06.19 11:14 B C:\myDrive\Google Drive\proyectos\Dandy\bajada\myadmin\menu_2.html --> dandy.mx /myadmin menu_2.html
2013.06.19 11:15 B C:\myDrive\Google Drive\proyectos\Dandy\bajada\myadmin\menu_2.html --> dandy.mx /myadmin menu_2.html
2013.06.19 11:16 B C:\myDrive\Google Drive\proyectos\Dandy\bajada\myadmin\menu_2.html --> dandy.mx /myadmin menu_2.html
2013.06.19 11:17 B C:\myDrive\Google Drive\proyectos\Dandy\bajada\myadmin\menu_2.html --> dandy.mx /myadmin menu_2.html
2013.06.19 12:30 B C:\myDrive\Google Drive\proyectos\Dandy\bajada\myadmin\adm_tarjetas.php --> dandy.mx /myadmin adm_tarjetas.php
2013.06.19 12:30 B C:\myDrive\Google Drive\proyectos\Dandy\bajada\myadmin\adm_tarjeta_nueva.php --> dandy.mx /myadmin adm_tarjeta_nueva.php
2013.06.19 12:30 B C:\myDrive\Google Drive\proyectos\Dandy\bajada\myadmin\adm_empresas.php --> dandy.mx /myadmin adm_empresas.php
2013.06.19 12:32 B C:\myDrive\Google Drive\proyectos\Dandy\bajada\myadmin\adm_tarjeta_nueva.php --> dandy.mx /myadmin adm_tarjeta_nueva.php
2013.06.19 13:02 B C:\myDrive\Google Drive\proyectos\Dandy\bajada\myadmin\adm_tarjeta_nueva.php --> dandy.mx /myadmin adm_tarjeta_nueva.php
2013.06.19 13:06 B C:\myDrive\Google Drive\proyectos\Dandy\bajada\myadmin\adm_tarjeta_nueva.php --> dandy.mx /myadmin adm_tarjeta_nueva.php
2013.06.19 13:07 B C:\myDrive\Google Drive\proyectos\Dandy\bajada\myadmin\adm_tarjeta_nueva.php --> dandy.mx /myadmin adm_tarjeta_nueva.php
2013.06.19 13:09 B C:\myDrive\Google Drive\proyectos\Dandy\bajada\myadmin\adm_tarjeta_nueva.php --> dandy.mx /myadmin adm_tarjeta_nueva.php
2013.06.19 13:12 B C:\myDrive\Google Drive\proyectos\Dandy\bajada\myadmin\adm_tarjeta_nueva.php --> dandy.mx /myadmin adm_tarjeta_nueva.php
2013.06.19 13:13 B C:\myDrive\Google Drive\proyectos\Dandy\bajada\myadmin\adm_tarjeta_nueva.php --> dandy.mx /myadmin adm_tarjeta_nueva.php
2013.06.19 13:14 B C:\myDrive\Google Drive\proyectos\Dandy\bajada\myadmin\adm_tarjeta_nueva.php --> dandy.mx /myadmin adm_tarjeta_nueva.php
2013.06.19 13:17 B C:\myDrive\Google Drive\proyectos\Dandy\bajada\myadmin\adm_tarjeta_nueva.php --> dandy.mx /myadmin adm_tarjeta_nueva.php
2013.06.19 13:20 B C:\myDrive\Google Drive\proyectos\Dandy\bajada\myadmin\adm_tarjeta_nueva.php --> dandy.mx /myadmin adm_tarjeta_nueva.php
2013.06.19 13:27 B C:\myDrive\Google Drive\proyectos\Dandy\bajada\myadmin\adm_tarjeta_nueva.php --> dandy.mx /myadmin adm_tarjeta_nueva.php
2013.06.19 13:27 B C:\myDrive\Google Drive\proyectos\Dandy\bajada\myadmin\adm_tarjeta_nueva.php --> dandy.mx /myadmin adm_tarjeta_nueva.php
2013.06.19 13:28 B C:\myDrive\Google Drive\proyectos\Dandy\bajada\myadmin\adm_tarjeta_nueva.php --> dandy.mx /myadmin adm_tarjeta_nueva.php
2013.06.19 13:28 B C:\myDrive\Google Drive\proyectos\Dandy\bajada\myadmin\adm_tarjeta_nueva.php --> dandy.mx /myadmin adm_tarjeta_nueva.php
2013.06.19 13:29 B C:\myDrive\Google Drive\proyectos\Dandy\bajada\myadmin\adm_tarjeta_nueva.php --> dandy.mx /myadmin adm_tarjeta_nueva.php
2013.06.19 13:49 B C:\myDrive\Google Drive\proyectos\Dandy\bajada\myadmin\adm_tarjeta_nueva.php --> dandy.mx /myadmin adm_tarjeta_nueva.php
2013.06.19 13:54 B C:\myDrive\Google Drive\proyectos\Dandy\bajada\myadmin\adm_tarjeta_nueva.php --> dandy.mx /myadmin adm_tarjeta_nueva.php
2013.06.19 13:55 B C:\myDrive\Google Drive\proyectos\Dandy\bajada\myadmin\adm_tarjeta_nueva.php --> dandy.mx /myadmin adm_tarjeta_nueva.php
2013.06.19 13:56 B C:\myDrive\Google Drive\proyectos\Dandy\bajada\myadmin\adm_tarjeta_nueva.php --> dandy.mx /myadmin adm_tarjeta_nueva.php
2013.06.19 13:58 B C:\myDrive\Google Drive\proyectos\Dandy\bajada\myadmin\adm_tarjeta_nueva.php --> dandy.mx /myadmin adm_tarjeta_nueva.php
2013.06.19 14:01 B C:\myDrive\Google Drive\proyectos\Dandy\bajada\myadmin\adm_tarjeta_nueva.php --> dandy.mx /myadmin adm_tarjeta_nueva.php
2013.06.19 14:02 B C:\myDrive\Google Drive\proyectos\Dandy\bajada\myadmin\adm_tarjeta_nueva.php --> dandy.mx /myadmin adm_tarjeta_nueva.php
2013.06.19 14:02 B C:\myDrive\Google Drive\proyectos\Dandy\bajada\myadmin\adm_tarjeta_nueva.php --> dandy.mx /myadmin adm_tarjeta_nueva.php
2013.06.19 14:03 B C:\myDrive\Google Drive\proyectos\Dandy\bajada\myadmin\adm_tarjeta_nueva.php --> dandy.mx /myadmin adm_tarjeta_nueva.php
2013.06.19 14:13 B C:\myDrive\Google Drive\proyectos\Dandy\bajada\myadmin\adm_tarjeta_nueva.php --> dandy.mx /myadmin adm_tarjeta_nueva.php
2013.06.19 17:08 B C:\myDrive\Google Drive\proyectos\Dandy\bajada\myadmin\adm_tarjetas.php --> dandy.mx / adm_tarjetas.php
2013.06.19 17:08 B C:\myDrive\Google Drive\proyectos\Dandy\bajada\myadmin\adm_tarjetas.php --> dandy.mx /myadmin adm_tarjetas.php
2013.06.19 17:13 B C:\myDrive\Google Drive\proyectos\Dandy\bajada\myadmin\adm_tarjetas.php --> dandy.mx /myadmin adm_tarjetas.php
2013.06.19 17:16 B C:\myDrive\Google Drive\proyectos\Dandy\bajada\myadmin\adm_tarjetas.php --> dandy.mx /myadmin adm_tarjetas.php
2013.06.19 17:28 B C:\myDrive\Google Drive\proyectos\Dandy\bajada\myadmin\adm_tarjetas.php --> dandy.mx /myadmin adm_tarjetas.php
2013.06.23 11:59 B C:\myDrive\Google Drive\proyectos\Dandy\bajada\myadmin\servicio_clientes.php --> dandy.mx /myadmin servicio_clientes.php
2013.06.23 11:59 B C:\myDrive\Google Drive\proyectos\Dandy\bajada\myadmin\adm_tarjetas.php --> dandy.mx /myadmin adm_tarjetas.php
2013.06.23 11:59 B C:\myDrive\Google Drive\proyectos\Dandy\bajada\myadmin\estadisticas.php --> dandy.mx /myadmin estadisticas.php
2013.06.24 18:46 B C:\myDrive\Google Drive\proyectos\Dandy\bajada\myadmin\servicio_clientes.php --> dandy.mx / servicio_clientes.php
2013.06.24 18:46 B C:\myDrive\Google Drive\proyectos\Dandy\bajada\myadmin\adm_tarjetas.php --> dandy.mx / adm_tarjetas.php
2013.06.24 18:46 B C:\myDrive\Google Drive\proyectos\Dandy\bajada\myadmin\servicio_clientes.php --> dandy.mx /myadmin servicio_clientes.php
2013.06.24 18:47 B C:\myDrive\Google Drive\proyectos\Dandy\bajada\myadmin\adm_tarjetas.php --> dandy.mx /myadmin adm_tarjetas.php
2013.06.24 18:47 B C:\myDrive\Google Drive\proyectos\Dandy\bajada\myadmin\servicio_clientes.php --> dandy.mx /myadmin servicio_clientes.php
2013.06.24 18:49 B C:\myDrive\Google Drive\proyectos\Dandy\bajada\myadmin\servicio_clientes.php --> dandy.mx /myadmin servicio_clientes.php
2013.06.24 18:52 B C:\myDrive\Google Drive\proyectos\Dandy\bajada\myadmin\servicio_clientes.php --> dandy.mx /myadmin servicio_clientes.php
2013.06.24 18:53 B C:\myDrive\Google Drive\proyectos\Dandy\bajada\myadmin\servicio_clientes.php --> dandy.mx /myadmin servicio_clientes.php
2013.06.24 18:54 B C:\myDrive\Google Drive\proyectos\Dandy\bajada\myadmin\servicio_clientes.php --> dandy.mx /myadmin servicio_clientes.php
2013.06.24 18:56 B C:\myDrive\Google Drive\proyectos\Dandy\bajada\myadmin\servicio_clientes.php --> dandy.mx /myadmin servicio_clientes.php
2013.06.24 18:57 B C:\myDrive\Google Drive\proyectos\Dandy\bajada\myadmin\servicio_clientes.php --> dandy.mx /myadmin servicio_clientes.php
2013.06.24 18:57 B C:\myDrive\Google Drive\proyectos\Dandy\bajada\myadmin\servicio_clientes.php --> dandy.mx /myadmin servicio_clientes.php
2013.06.24 18:59 B C:\myDrive\Google Drive\proyectos\Dandy\bajada\myadmin\servicio_clientes.php --> dandy.mx /myadmin servicio_clientes.php
2013.06.24 18:59 B C:\myDrive\Google Drive\proyectos\Dandy\bajada\myadmin\servicio_clientes.php --> dandy.mx /myadmin servicio_clientes.php
2013.06.24 19:11 B C:\myDrive\Google Drive\proyectos\Dandy\bajada\myadmin\servicio_clientes.php --> dandy.mx /myadmin servicio_clientes.php
2013.06.24 19:12 B C:\myDrive\Google Drive\proyectos\Dandy\bajada\myadmin\servicio_clientes.php --> dandy.mx /myadmin servicio_clientes.php
2013.06.24 19:13 B C:\myDrive\Google Drive\proyectos\Dandy\bajada\myadmin\estadisticas.php --> dandy.mx /myadmin estadisticas.php
2013.06.24 19:13 B C:\myDrive\Google Drive\proyectos\Dandy\bajada\myadmin\estadisticas.php --> dandy.mx /myadmin estadisticas.php
2013.06.24 19:14 B C:\myDrive\Google Drive\proyectos\Dandy\bajada\myadmin\estadisticas.php --> dandy.mx /myadmin estadisticas.php
2013.06.24 19:14 B C:\myDrive\Google Drive\proyectos\Dandy\bajada\myadmin\estadisticas.php --> dandy.mx /myadmin estadisticas.php
2013.06.24 19:16 B C:\myDrive\Google Drive\proyectos\Dandy\bajada\myadmin\adm_mi_empresa.php --> dandy.mx /myadmin adm_mi_empresa.php
2013.06.26 16:05 B C:\myDrive\Google Drive\proyectos\Dandy\bajada\myadmin\servicio_clientes.php --> dandy.mx /myadmin servicio_clientes.php
2013.06.26 16:27 B C:\myDrive\Google Drive\proyectos\Dandy\bajada\myadmin\servicio_clientes.php --> dandy.mx /myadmin servicio_clientes.php
2013.06.26 16:27 B C:\myDrive\Google Drive\proyectos\Dandy\bajada\myadmin\menu_links_usr.html --> dandy.mx /myadmin menu_links_usr.html
2013.06.26 16:29 B C:\myDrive\Google Drive\proyectos\Dandy\bajada\myadmin\menu_links_usr.html --> dandy.mx /myadmin menu_links_usr.html
2013.06.26 16:37 B C:\myDrive\Google Drive\proyectos\Dandy\bajada\myadmin\servicio_clientes.php --> dandy.mx /myadmin servicio_clientes.php
2013.06.26 16:39 B C:\myDrive\Google Drive\proyectos\Dandy\bajada\myadmin\adm_mi_empresa.php --> dandy.mx /myadmin adm_mi_empresa.php
2013.06.26 16:39 B C:\myDrive\Google Drive\proyectos\Dandy\bajada\myadmin\estadisticas.php --> dandy.mx /myadmin estadisticas.php
2013.06.26 16:39 B C:\myDrive\Google Drive\proyectos\Dandy\bajada\myadmin\estadisticas.php --> dandy.mx /myadmin estadisticas.php
2013.06.26 16:57 B C:\myDrive\Google Drive\proyectos\Dandy\bajada\myadmin\estadisticas.php --> dandy.mx /myadmin estadisticas.php
2013.06.26 16:57 B C:\myDrive\Google Drive\proyectos\Dandy\bajada\myadmin\servicio_clientes.php --> dandy.mx /myadmin servicio_clientes.php
2013.06.26 16:57 B C:\myDrive\Google Drive\proyectos\Dandy\bajada\myadmin\adm_empresa_cambia.php --> dandy.mx /myadmin adm_empresa_cambia.php
2013.06.26 16:57 B C:\myDrive\Google Drive\proyectos\Dandy\bajada\myadmin\empresa_cambia.php --> dandy.mx /myadmin empresa_cambia.php
2013.06.26 17:09 B C:\myDrive\Google Drive\proyectos\Dandy\bajada\myadmin\empresa_cambia.php --> dandy.mx /myadmin empresa_cambia.php
2013.06.26 17:12 B C:\myDrive\Google Drive\proyectos\Dandy\bajada\myadmin\servicio_clientes.php --> dandy.mx /myadmin servicio_clientes.php
2013.06.26 17:12 B C:\myDrive\Google Drive\proyectos\Dandy\bajada\myadmin\adm_tarjetas.php --> dandy.mx /myadmin adm_tarjetas.php
2013.06.26 17:12 B C:\myDrive\Google Drive\proyectos\Dandy\bajada\myadmin\empresa_cambia.php --> dandy.mx /myadmin empresa_cambia.php
2013.06.26 17:17 B C:\myDrive\Google Drive\proyectos\Dandy\bajada\myadmin\adm_empresa_cambia.php --> dandy.mx /myadmin adm_empresa_cambia.php
2013.06.26 17:19 B C:\myDrive\Google Drive\proyectos\Dandy\bajada\myadmin\adm_empresa_cambia.php --> dandy.mx /myadmin adm_empresa_cambia.php
2013.06.26 17:23 B C:\myDrive\Google Drive\proyectos\Dandy\bajada\myadmin\adm_empresa_cambia.php --> dandy.mx /myadmin adm_empresa_cambia.php
2013.06.26 17:23 B C:\myDrive\Google Drive\proyectos\Dandy\bajada\myadmin\adm_empresa_cambia.php --> dandy.mx /myadmin adm_empresa_cambia.php
2013.06.26 17:44 B C:\myDrive\Google Drive\proyectos\Dandy\bajada\myadmin\adm_empresa_cambia.php --> dandy.mx /myadmin adm_empresa_cambia.php
2013.06.26 17:44 B C:\myDrive\Google Drive\proyectos\Dandy\bajada\myadmin\adm_empresa_cambia.php --> dandy.mx /myadmin adm_empresa_cambia.php
2013.06.26 17:46 B C:\myDrive\Google Drive\proyectos\Dandy\bajada\myadmin\adm_empresa_cambia.php --> dandy.mx /myadmin adm_empresa_cambia.php
2013.06.27 16:04 B C:\myDrive\Google Drive\proyectos\Dandy\bajada\myadmin\index.php --> dandy.mx /myadmin index.php
2013.06.27 16:17 B C:\myDrive\Google Drive\proyectos\Dandy\bajada\myadmin\index.php --> dandy.mx /myadmin index.php
2013.06.27 18:39 B C:\myDrive\Google Drive\proyectos\Dandy\bajada\myadmin\index.php --> dandy.mx /myadmin index.php
2013.06.28 15:25 B C:\myDrive\Google Drive\proyectos\Dandy\bajada\myadmin\index.php --> dandy.mx /myadmin index.php
2013.06.28 15:25 B C:\myDrive\Google Drive\proyectos\Dandy\bajada\myadmin\index.php --> dandy.mx /myadmin index.php
2013.06.28 15:27 B C:\myDrive\Google Drive\proyectos\Dandy\bajada\myadmin\index.php --> dandy.mx /myadmin index.php
2013.06.28 15:27 B C:\myDrive\Google Drive\proyectos\Dandy\bajada\myadmin\index.php --> dandy.mx /myadmin index.php
2013.06.28 15:29 B C:\myDrive\Google Drive\proyectos\Dandy\bajada\myadmin\index.php --> dandy.mx /myadmin index.php
2013.06.28 15:41 B C:\myDrive\Google Drive\proyectos\Dandy\bajada\myadmin\adm_mi_empresa.php --> dandy.mx /myadmin adm_mi_empresa.php
2013.06.28 15:42 B C:\myDrive\Google Drive\proyectos\Dandy\bajada\myadmin\adm_mi_empresa.php --> dandy.mx /myadmin adm_mi_empresa.php
2013.06.28 15:43 B C:\myDrive\Google Drive\proyectos\Dandy\bajada\myadmin\adm_mi_empresa.php --> dandy.mx /myadmin adm_mi_empresa.php
2013.06.28 15:43 B C:\myDrive\Google Drive\proyectos\Dandy\bajada\myadmin\adm_mi_empresa.php --> dandy.mx /myadmin adm_mi_empresa.php
